This file contains any messages produced by compilers while
running configure, to aid debugging if configure makes a mistake.

It was created by configure, which was
generated by GNU Autoconf 2.69.  Invocation command line was

  $ ./configure --prefix=/usr/local/devscan/

## --------- ##
## Platform. ##
## --------- ##

hostname = localhost.localdomain
uname -m = x86_64
uname -r = 2.6.32-358.el6.x86_64
uname -s = Linux
uname -v = #1 SMP Fri Feb 22 00:31:26 UTC 2013

/usr/bin/uname -p = unknown
/bin/uname -X     = unknown

/bin/arch              = x86_64
/usr/bin/arch -k       = unknown
/usr/convex/getsysinfo = unknown
/usr/bin/hostinfo      = unknown
/bin/machine           = unknown
/usr/bin/oslevel       = unknown
/bin/universe          = unknown

PATH: /usr/lib64/qt-3.3/bin
PATH: /usr/local/sbin
PATH: /usr/local/bin
PATH: /sbin
PATH: /bin
PATH: /usr/sbin
PATH: /usr/bin
PATH: /root/bin


## ----------- ##
## Core tests. ##
## ----------- ##

configure:2382: checking whether NLS is requested
configure:2391: result: yes
configure:2475: checking build system type
configure:2489: result: x86_64-unknown-linux-gnu
configure:2509: checking host system type
configure:2522: result: x86_64-unknown-linux-gnu
configure:2590: checking for gcc
configure:2606: found /usr/bin/gcc
configure:2617: result: gcc
configure:2846: checking for C compiler version
configure:2855: gcc --version >&5
gcc (GCC) 4.4.7 20120313 (Red Hat 4.4.7-18)
Copyright (C) 2010 Free Software Foundation, Inc.
This is free software; see the source for copying conditions.  There is NO
warranty; not even for MERCHANTABILITY or FITNESS FOR A PARTICULAR PURPOSE.

configure:2866: $? = 0
configure:2855: gcc -v >&5
Using built-in specs.
Target: x86_64-redhat-linux
Configured with: ../configure --prefix=/usr --mandir=/usr/share/man --infodir=/usr/share/info --with-bugurl=http://bugzilla.redhat.com/bugzilla --enable-bootstrap --enable-shared --enable-threads=posix --enable-checking=release --with-system-zlib --enable-__cxa_atexit --disable-libunwind-exceptions --enable-gnu-unique-object --enable-languages=c,c++,objc,obj-c++,java,fortran,ada --enable-java-awt=gtk --disable-dssi --with-java-home=/usr/lib/jvm/java-1.5.0-gcj-1.5.0.0/jre --enable-libgcj-multifile --enable-java-maintainer-mode --with-ecj-jar=/usr/share/java/eclipse-ecj.jar --disable-libjava-multilib --with-ppl --with-cloog --with-tune=generic --with-arch_32=i686 --build=x86_64-redhat-linux
Thread model: posix
gcc version 4.4.7 20120313 (Red Hat 4.4.7-18) (GCC) 
configure:2866: $? = 0
configure:2855: gcc -V >&5
gcc: '-V' option must have argument
configure:2866: $? = 1
configure:2855: gcc -qversion >&5
gcc: unrecognized option '-qversion'
gcc: no input files
configure:2866: $? = 1
configure:2886: checking whether the C compiler works
configure:2908: gcc -fPIC   conftest.c  >&5
configure:2912: $? = 0
configure:2960: result: yes
configure:2963: checking for C compiler default output file name
configure:2965: result: a.out
configure:2971: checking for suffix of executables
configure:2978: gcc -o conftest -fPIC   conftest.c  >&5
configure:2982: $? = 0
configure:3004: result: 
configure:3026: checking whether we are cross compiling
configure:3034: gcc -o conftest -fPIC   conftest.c  >&5
configure:3038: $? = 0
configure:3045: ./conftest
configure:3049: $? = 0
configure:3064: result: no
configure:3069: checking for suffix of object files
configure:3091: gcc -c -fPIC  conftest.c >&5
configure:3095: $? = 0
configure:3116: result: o
configure:3120: checking whether we are using the GNU C compiler
configure:3139: gcc -c -fPIC  conftest.c >&5
configure:3139: $? = 0
configure:3148: result: yes
configure:3157: checking whether gcc accepts -g
configure:3177: gcc -c -g  conftest.c >&5
configure:3177: $? = 0
configure:3218: result: yes
configure:3235: checking for gcc option to accept ISO C89
configure:3298: gcc  -c -fPIC  conftest.c >&5
configure:3298: $? = 0
configure:3311: result: none needed
configure:3332: checking for inline
configure:3348: gcc -c -fPIC  conftest.c >&5
configure:3348: $? = 0
configure:3356: result: inline
configure:3423: checking for gcc
configure:3450: result: gcc
configure:3679: checking for C compiler version
configure:3688: gcc --version >&5
gcc (GCC) 4.4.7 20120313 (Red Hat 4.4.7-18)
Copyright (C) 2010 Free Software Foundation, Inc.
This is free software; see the source for copying conditions.  There is NO
warranty; not even for MERCHANTABILITY or FITNESS FOR A PARTICULAR PURPOSE.

configure:3699: $? = 0
configure:3688: gcc -v >&5
Using built-in specs.
Target: x86_64-redhat-linux
Configured with: ../configure --prefix=/usr --mandir=/usr/share/man --infodir=/usr/share/info --with-bugurl=http://bugzilla.redhat.com/bugzilla --enable-bootstrap --enable-shared --enable-threads=posix --enable-checking=release --with-system-zlib --enable-__cxa_atexit --disable-libunwind-exceptions --enable-gnu-unique-object --enable-languages=c,c++,objc,obj-c++,java,fortran,ada --enable-java-awt=gtk --disable-dssi --with-java-home=/usr/lib/jvm/java-1.5.0-gcj-1.5.0.0/jre --enable-libgcj-multifile --enable-java-maintainer-mode --with-ecj-jar=/usr/share/java/eclipse-ecj.jar --disable-libjava-multilib --with-ppl --with-cloog --with-tune=generic --with-arch_32=i686 --build=x86_64-redhat-linux
Thread model: posix
gcc version 4.4.7 20120313 (Red Hat 4.4.7-18) (GCC) 
configure:3699: $? = 0
configure:3688: gcc -V >&5
gcc: '-V' option must have argument
configure:3699: $? = 1
configure:3688: gcc -qversion >&5
gcc: unrecognized option '-qversion'
gcc: no input files
configure:3699: $? = 1
configure:3703: checking whether we are using the GNU C compiler
configure:3731: result: yes
configure:3740: checking whether gcc accepts -g
configure:3801: result: yes
configure:3818: checking for gcc option to accept ISO C89
configure:3894: result: none needed
configure:3972: checking for g++
configure:3988: found /usr/bin/g++
configure:3999: result: g++
configure:4026: checking for C++ compiler version
configure:4035: g++ --version >&5
g++ (GCC) 4.4.7 20120313 (Red Hat 4.4.7-18)
Copyright (C) 2010 Free Software Foundation, Inc.
This is free software; see the source for copying conditions.  There is NO
warranty; not even for MERCHANTABILITY or FITNESS FOR A PARTICULAR PURPOSE.

configure:4046: $? = 0
configure:4035: g++ -v >&5
Using built-in specs.
Target: x86_64-redhat-linux
Configured with: ../configure --prefix=/usr --mandir=/usr/share/man --infodir=/usr/share/info --with-bugurl=http://bugzilla.redhat.com/bugzilla --enable-bootstrap --enable-shared --enable-threads=posix --enable-checking=release --with-system-zlib --enable-__cxa_atexit --disable-libunwind-exceptions --enable-gnu-unique-object --enable-languages=c,c++,objc,obj-c++,java,fortran,ada --enable-java-awt=gtk --disable-dssi --with-java-home=/usr/lib/jvm/java-1.5.0-gcj-1.5.0.0/jre --enable-libgcj-multifile --enable-java-maintainer-mode --with-ecj-jar=/usr/share/java/eclipse-ecj.jar --disable-libjava-multilib --with-ppl --with-cloog --with-tune=generic --with-arch_32=i686 --build=x86_64-redhat-linux
Thread model: posix
gcc version 4.4.7 20120313 (Red Hat 4.4.7-18) (GCC) 
configure:4046: $? = 0
configure:4035: g++ -V >&5
g++: '-V' option must have argument
configure:4046: $? = 1
configure:4035: g++ -qversion >&5
g++: unrecognized option '-qversion'
g++: no input files
configure:4046: $? = 1
configure:4050: checking whether we are using the GNU C++ compiler
configure:4069: g++ -c -fPIC  conftest.cpp >&5
configure:4069: $? = 0
configure:4078: result: yes
configure:4087: checking whether g++ accepts -g
configure:4107: g++ -c -g  conftest.cpp >&5
configure:4107: $? = 0
configure:4148: result: yes
configure:4214: checking for ranlib
configure:4230: found /usr/bin/ranlib
configure:4241: result: ranlib
configure:4277: checking for a BSD-compatible install
configure:4345: result: /usr/bin/install -c
configure:4360: checking for gawk
configure:4376: found /bin/gawk
configure:4387: result: gawk
configure:4407: checking for __func__
configure:4423: gcc -c -fPIC  conftest.c >&5
configure:4423: $? = 0
configure:4430: result: yes
configure:4515: checking for strip
configure:4533: found /usr/bin/strip
configure:4545: result: /usr/bin/strip
configure:4919: checking how to run the C preprocessor
configure:4950: gcc -E  conftest.c
configure:4950: $? = 0
configure:4964: gcc -E  conftest.c
conftest.c:10:28: error: ac_nonexistent.h: No such file or directory
configure:4964: $? = 1
configure: failed program was:
| /* confdefs.h */
| #define PACKAGE_NAME ""
| #define PACKAGE_TARNAME ""
| #define PACKAGE_VERSION ""
| #define PACKAGE_STRING ""
| #define PACKAGE_BUGREPORT ""
| #define PACKAGE_URL ""
| #define LINUX 1
| /* end confdefs.h.  */
| #include <ac_nonexistent.h>
configure:4989: result: gcc -E
configure:5009: gcc -E  conftest.c
configure:5009: $? = 0
configure:5023: gcc -E  conftest.c
conftest.c:10:28: error: ac_nonexistent.h: No such file or directory
configure:5023: $? = 1
configure: failed program was:
| /* confdefs.h */
| #define PACKAGE_NAME ""
| #define PACKAGE_TARNAME ""
| #define PACKAGE_VERSION ""
| #define PACKAGE_STRING ""
| #define PACKAGE_BUGREPORT ""
| #define PACKAGE_URL ""
| #define LINUX 1
| /* end confdefs.h.  */
| #include <ac_nonexistent.h>
configure:5052: checking for grep that handles long lines and -e
configure:5110: result: /bin/grep
configure:5115: checking for egrep
configure:5177: result: /bin/grep -E
configure:5182: checking for ANSI C header files
configure:5202: gcc -c -fPIC  conftest.c >&5
configure:5202: $? = 0
configure:5275: gcc -o conftest -fPIC  -Wl,-E  conftest.c  >&5
configure:5275: $? = 0
configure:5275: ./conftest
configure:5275: $? = 0
configure:5286: result: yes
configure:5299: checking for sys/types.h
configure:5299: gcc -c -fPIC  conftest.c >&5
configure:5299: $? = 0
configure:5299: result: yes
configure:5299: checking for sys/stat.h
configure:5299: gcc -c -fPIC  conftest.c >&5
configure:5299: $? = 0
configure:5299: result: yes
configure:5299: checking for stdlib.h
configure:5299: gcc -c -fPIC  conftest.c >&5
configure:5299: $? = 0
configure:5299: result: yes
configure:5299: checking for string.h
configure:5299: gcc -c -fPIC  conftest.c >&5
configure:5299: $? = 0
configure:5299: result: yes
configure:5299: checking for memory.h
configure:5299: gcc -c -fPIC  conftest.c >&5
configure:5299: $? = 0
configure:5299: result: yes
configure:5299: checking for strings.h
configure:5299: gcc -c -fPIC  conftest.c >&5
configure:5299: $? = 0
configure:5299: result: yes
configure:5299: checking for inttypes.h
configure:5299: gcc -c -fPIC  conftest.c >&5
configure:5299: $? = 0
configure:5299: result: yes
configure:5299: checking for stdint.h
configure:5299: gcc -c -fPIC  conftest.c >&5
configure:5299: $? = 0
configure:5299: result: yes
configure:5299: checking for unistd.h
configure:5299: gcc -c -fPIC  conftest.c >&5
configure:5299: $? = 0
configure:5299: result: yes
configure:5314: checking pwd.h usability
configure:5314: gcc -c -fPIC  conftest.c >&5
configure:5314: $? = 0
configure:5314: result: yes
configure:5314: checking pwd.h presence
configure:5314: gcc -E  conftest.c
configure:5314: $? = 0
configure:5314: result: yes
configure:5314: checking for pwd.h
configure:5314: result: yes
configure:5314: checking termios.h usability
configure:5314: gcc -c -fPIC  conftest.c >&5
configure:5314: $? = 0
configure:5314: result: yes
configure:5314: checking termios.h presence
configure:5314: gcc -E  conftest.c
configure:5314: $? = 0
configure:5314: result: yes
configure:5314: checking for termios.h
configure:5314: result: yes
configure:5314: checking sys/sockio.h usability
configure:5314: gcc -c -fPIC  conftest.c >&5
conftest.c:55:24: error: sys/sockio.h: No such file or directory
configure:5314: $? = 1
configure: failed program was:
| /* confdefs.h */
| #define PACKAGE_NAME ""
| #define PACKAGE_TARNAME ""
| #define PACKAGE_VERSION ""
| #define PACKAGE_STRING ""
| #define PACKAGE_BUGREPORT ""
| #define PACKAGE_URL ""
| #define LINUX 1
| #define STDC_HEADERS 1
| #define HAVE_SYS_TYPES_H 1
| #define HAVE_SYS_STAT_H 1
| #define HAVE_STDLIB_H 1
| #define HAVE_STRING_H 1
| #define HAVE_MEMORY_H 1
| #define HAVE_STRINGS_H 1
| #define HAVE_INTTYPES_H 1
| #define HAVE_STDINT_H 1
| #define HAVE_UNISTD_H 1
| #define HAVE_PWD_H 1
| #define HAVE_TERMIOS_H 1
| /* end confdefs.h.  */
| #include <stdio.h>
| #ifdef HAVE_SYS_TYPES_H
| # include <sys/types.h>
| #endif
| #ifdef HAVE_SYS_STAT_H
| # include <sys/stat.h>
| #endif
| #ifdef STDC_HEADERS
| # include <stdlib.h>
| # include <stddef.h>
| #else
| # ifdef HAVE_STDLIB_H
| #  include <stdlib.h>
| # endif
| #endif
| #ifdef HAVE_STRING_H
| # if !defined STDC_HEADERS && defined HAVE_MEMORY_H
| #  include <memory.h>
| # endif
| # include <string.h>
| #endif
| #ifdef HAVE_STRINGS_H
| # include <strings.h>
| #endif
| #ifdef HAVE_INTTYPES_H
| # include <inttypes.h>
| #endif
| #ifdef HAVE_STDINT_H
| # include <stdint.h>
| #endif
| #ifdef HAVE_UNISTD_H
| # include <unistd.h>
| #endif
| #include <sys/sockio.h>
configure:5314: result: no
configure:5314: checking sys/sockio.h presence
configure:5314: gcc -E  conftest.c
conftest.c:22:24: error: sys/sockio.h: No such file or directory
configure:5314: $? = 1
configure: failed program was:
| /* confdefs.h */
| #define PACKAGE_NAME ""
| #define PACKAGE_TARNAME ""
| #define PACKAGE_VERSION ""
| #define PACKAGE_STRING ""
| #define PACKAGE_BUGREPORT ""
| #define PACKAGE_URL ""
| #define LINUX 1
| #define STDC_HEADERS 1
| #define HAVE_SYS_TYPES_H 1
| #define HAVE_SYS_STAT_H 1
| #define HAVE_STDLIB_H 1
| #define HAVE_STRING_H 1
| #define HAVE_MEMORY_H 1
| #define HAVE_STRINGS_H 1
| #define HAVE_INTTYPES_H 1
| #define HAVE_STDINT_H 1
| #define HAVE_UNISTD_H 1
| #define HAVE_PWD_H 1
| #define HAVE_TERMIOS_H 1
| /* end confdefs.h.  */
| #include <sys/sockio.h>
configure:5314: result: no
configure:5314: checking for sys/sockio.h
configure:5314: result: no
configure:5326: checking for linux/rtnetlink.h
configure:5326: gcc -c -fPIC  conftest.c >&5
configure:5326: $? = 0
configure:5326: result: yes
configure:5339: checking sys/socket.h usability
configure:5339: gcc -c -fPIC  conftest.c >&5
configure:5339: $? = 0
configure:5339: result: yes
configure:5339: checking sys/socket.h presence
configure:5339: gcc -E  conftest.c
configure:5339: $? = 0
configure:5339: result: yes
configure:5339: checking for sys/socket.h
configure:5339: result: yes
configure:5351: checking for net/if.h
configure:5351: gcc -c -fPIC  conftest.c >&5
configure:5351: $? = 0
configure:5351: result: yes
configure:5375: checking for library containing setsockopt
configure:5406: gcc -o conftest -fPIC  -Wl,-E  conftest.c  >&5
configure:5406: $? = 0
configure:5423: result: none required
configure:5431: checking for library containing gethostbyname
configure:5462: gcc -o conftest -fPIC  -Wl,-E  conftest.c  >&5
configure:5462: $? = 0
configure:5479: result: none required
configure:5489: checking if AF_INET6 IPPROTO_RAW sockets include the packet header
configure:5497: result: yes
configure:5541: checking for a Python interpreter with version >= 2.4
configure:5558: python2 -c import sys # split strings by '.' and convert to numeric. Append some zeros # because we need at least 4 digits for the hex conversion. # map returns an iterator in Python 3.0 and a list in 2.x minver = list(map(int, '2.4'.split('.'))) + [0, 0, 0] minverhex = 0 # xrange is not present in Python 3.0 and range returns an iterator for i in list(range(0, 4)): minverhex = (minverhex << 8) + minver[i] sys.exit(sys.hexversion < minverhex)
configure:5561: $? = 0
configure:5567: result: python2
configure:5575: checking for python2
configure:5593: found /usr/bin/python2
configure:5605: result: /usr/bin/python2
configure:5623: checking for python2 version
configure:5630: result: 2.6
configure:5642: checking for python2 platform
configure:5649: result: linux2
configure:5656: checking for python2 script directory
configure:5684: result: ${prefix}/lib/python2.6/site-packages
configure:5693: checking for python2 extension module directory
configure:5721: result: ${exec_prefix}/lib64/python2.6/site-packages
configure:5900: checking openssl/ssl.h usability
configure:5900: gcc -c -fPIC  conftest.c >&5
configure:5900: $? = 0
configure:5900: result: yes
configure:5900: checking openssl/ssl.h presence
configure:5900: gcc -E  conftest.c
configure:5900: $? = 0
configure:5900: result: yes
configure:5900: checking for openssl/ssl.h
configure:5900: result: yes
configure:5917: checking for BIO_int_ctrl in -lcrypto
configure:5942: gcc -o conftest -fPIC  -Wl,-E  conftest.c -lcrypto   >&5
configure:5942: $? = 0
configure:5951: result: yes
configure:5968: checking for SSL_new in -lssl
configure:5993: gcc -o conftest -fPIC  -Wl,-E  conftest.c -lssl  -lcrypto   >&5
configure:5993: $? = 0
configure:6002: result: yes
configure:6041: checking pcap.h usability
configure:6041: gcc -c -fPIC  conftest.c >&5
configure:6041: $? = 0
configure:6041: result: yes
configure:6041: checking pcap.h presence
configure:6041: gcc -E  conftest.c
configure:6041: $? = 0
configure:6041: result: yes
configure:6041: checking for pcap.h
configure:6041: result: yes
configure:6044: checking for pcap_datalink in -lpcap
configure:6069: gcc -o conftest -fPIC  -Wl,-E  conftest.c -lpcap   >&5
configure:6069: $? = 0
configure:6078: result: yes
configure:6172: checking sys/ioccom.h usability
configure:6172: gcc -c -fPIC  conftest.c >&5
conftest.c:60:24: error: sys/ioccom.h: No such file or directory
configure:6172: $? = 1
configure: failed program was:
| /* confdefs.h */
| #define PACKAGE_NAME ""
| #define PACKAGE_TARNAME ""
| #define PACKAGE_VERSION ""
| #define PACKAGE_STRING ""
| #define PACKAGE_BUGREPORT ""
| #define PACKAGE_URL ""
| #define LINUX 1
| #define STDC_HEADERS 1
| #define HAVE_SYS_TYPES_H 1
| #define HAVE_SYS_STAT_H 1
| #define HAVE_STDLIB_H 1
| #define HAVE_STRING_H 1
| #define HAVE_MEMORY_H 1
| #define HAVE_STRINGS_H 1
| #define HAVE_INTTYPES_H 1
| #define HAVE_STDINT_H 1
| #define HAVE_UNISTD_H 1
| #define HAVE_PWD_H 1
| #define HAVE_TERMIOS_H 1
| #define HAVE_LINUX_RTNETLINK_H 1
| #define HAVE_SYS_SOCKET_H 1
| #define HAVE_NET_IF_H 1
| #define HAVE_IPV6_IPPROTO_RAW 1
| #define HAVE_OPENSSL 1
| /* end confdefs.h.  */
| #include <stdio.h>
| #ifdef HAVE_SYS_TYPES_H
| # include <sys/types.h>
| #endif
| #ifdef HAVE_SYS_STAT_H
| # include <sys/stat.h>
| #endif
| #ifdef STDC_HEADERS
| # include <stdlib.h>
| # include <stddef.h>
| #else
| # ifdef HAVE_STDLIB_H
| #  include <stdlib.h>
| # endif
| #endif
| #ifdef HAVE_STRING_H
| # if !defined STDC_HEADERS && defined HAVE_MEMORY_H
| #  include <memory.h>
| # endif
| # include <string.h>
| #endif
| #ifdef HAVE_STRINGS_H
| # include <strings.h>
| #endif
| #ifdef HAVE_INTTYPES_H
| # include <inttypes.h>
| #endif
| #ifdef HAVE_STDINT_H
| # include <stdint.h>
| #endif
| #ifdef HAVE_UNISTD_H
| # include <unistd.h>
| #endif
| #include <sys/ioccom.h>
configure:6172: result: no
configure:6172: checking sys/ioccom.h presence
configure:6172: gcc -E  conftest.c
conftest.c:27:24: error: sys/ioccom.h: No such file or directory
configure:6172: $? = 1
configure: failed program was:
| /* confdefs.h */
| #define PACKAGE_NAME ""
| #define PACKAGE_TARNAME ""
| #define PACKAGE_VERSION ""
| #define PACKAGE_STRING ""
| #define PACKAGE_BUGREPORT ""
| #define PACKAGE_URL ""
| #define LINUX 1
| #define STDC_HEADERS 1
| #define HAVE_SYS_TYPES_H 1
| #define HAVE_SYS_STAT_H 1
| #define HAVE_STDLIB_H 1
| #define HAVE_STRING_H 1
| #define HAVE_MEMORY_H 1
| #define HAVE_STRINGS_H 1
| #define HAVE_INTTYPES_H 1
| #define HAVE_STDINT_H 1
| #define HAVE_UNISTD_H 1
| #define HAVE_PWD_H 1
| #define HAVE_TERMIOS_H 1
| #define HAVE_LINUX_RTNETLINK_H 1
| #define HAVE_SYS_SOCKET_H 1
| #define HAVE_NET_IF_H 1
| #define HAVE_IPV6_IPPROTO_RAW 1
| #define HAVE_OPENSSL 1
| /* end confdefs.h.  */
| #include <sys/ioccom.h>
configure:6172: result: no
configure:6172: checking for sys/ioccom.h
configure:6172: result: no
configure:6172: checking sys/time.h usability
configure:6172: gcc -c -fPIC  conftest.c >&5
configure:6172: $? = 0
configure:6172: result: yes
configure:6172: checking sys/time.h presence
configure:6172: gcc -E  conftest.c
configure:6172: $? = 0
configure:6172: result: yes
configure:6172: checking for sys/time.h
configure:6172: result: yes
configure:6172: checking net/bpf.h usability
configure:6172: gcc -c -fPIC  conftest.c >&5
conftest.c:61:21: error: net/bpf.h: No such file or directory
configure:6172: $? = 1
configure: failed program was:
| /* confdefs.h */
| #define PACKAGE_NAME ""
| #define PACKAGE_TARNAME ""
| #define PACKAGE_VERSION ""
| #define PACKAGE_STRING ""
| #define PACKAGE_BUGREPORT ""
| #define PACKAGE_URL ""
| #define LINUX 1
| #define STDC_HEADERS 1
| #define HAVE_SYS_TYPES_H 1
| #define HAVE_SYS_STAT_H 1
| #define HAVE_STDLIB_H 1
| #define HAVE_STRING_H 1
| #define HAVE_MEMORY_H 1
| #define HAVE_STRINGS_H 1
| #define HAVE_INTTYPES_H 1
| #define HAVE_STDINT_H 1
| #define HAVE_UNISTD_H 1
| #define HAVE_PWD_H 1
| #define HAVE_TERMIOS_H 1
| #define HAVE_LINUX_RTNETLINK_H 1
| #define HAVE_SYS_SOCKET_H 1
| #define HAVE_NET_IF_H 1
| #define HAVE_IPV6_IPPROTO_RAW 1
| #define HAVE_OPENSSL 1
| #define HAVE_SYS_TIME_H 1
| /* end confdefs.h.  */
| #include <stdio.h>
| #ifdef HAVE_SYS_TYPES_H
| # include <sys/types.h>
| #endif
| #ifdef HAVE_SYS_STAT_H
| # include <sys/stat.h>
| #endif
| #ifdef STDC_HEADERS
| # include <stdlib.h>
| # include <stddef.h>
| #else
| # ifdef HAVE_STDLIB_H
| #  include <stdlib.h>
| # endif
| #endif
| #ifdef HAVE_STRING_H
| # if !defined STDC_HEADERS && defined HAVE_MEMORY_H
| #  include <memory.h>
| # endif
| # include <string.h>
| #endif
| #ifdef HAVE_STRINGS_H
| # include <strings.h>
| #endif
| #ifdef HAVE_INTTYPES_H
| # include <inttypes.h>
| #endif
| #ifdef HAVE_STDINT_H
| # include <stdint.h>
| #endif
| #ifdef HAVE_UNISTD_H
| # include <unistd.h>
| #endif
| #include <net/bpf.h>
configure:6172: result: no
configure:6172: checking net/bpf.h presence
configure:6172: gcc -E  conftest.c
conftest.c:28:21: error: net/bpf.h: No such file or directory
configure:6172: $? = 1
configure: failed program was:
| /* confdefs.h */
| #define PACKAGE_NAME ""
| #define PACKAGE_TARNAME ""
| #define PACKAGE_VERSION ""
| #define PACKAGE_STRING ""
| #define PACKAGE_BUGREPORT ""
| #define PACKAGE_URL ""
| #define LINUX 1
| #define STDC_HEADERS 1
| #define HAVE_SYS_TYPES_H 1
| #define HAVE_SYS_STAT_H 1
| #define HAVE_STDLIB_H 1
| #define HAVE_STRING_H 1
| #define HAVE_MEMORY_H 1
| #define HAVE_STRINGS_H 1
| #define HAVE_INTTYPES_H 1
| #define HAVE_STDINT_H 1
| #define HAVE_UNISTD_H 1
| #define HAVE_PWD_H 1
| #define HAVE_TERMIOS_H 1
| #define HAVE_LINUX_RTNETLINK_H 1
| #define HAVE_SYS_SOCKET_H 1
| #define HAVE_NET_IF_H 1
| #define HAVE_IPV6_IPPROTO_RAW 1
| #define HAVE_OPENSSL 1
| #define HAVE_SYS_TIME_H 1
| /* end confdefs.h.  */
| #include <net/bpf.h>
configure:6172: result: no
configure:6172: checking for net/bpf.h
configure:6172: result: no
configure:6182: checking if libpcap is suitable
configure:6206: gcc -o conftest -fPIC  -Wl,-E  conftest.c  -lpcap >&5
configure:6206: $? = 0
configure:6206: ./conftest
configure:6206: $? = 0
configure:6244: gcc -o conftest -fPIC  -Wl,-E  conftest.c  -lpcap >&5
configure:6244: $? = 0
configure:6244: ./conftest
configure:6244: $? = 0
configure:6246: checking whether pcap_get_selectable_fd is declared
configure:6246: gcc -c -fPIC  conftest.c >&5
configure:6246: $? = 0
configure:6246: result: yes
configure:6249: result: yes
configure:6296: checking if PCAP_NETMASK_UNKNOWN is defined/handled by libpcap
configure:6316: gcc -c -fPIC  conftest.c >&5
configure:6316: $? = 0
configure:6329: result: yes
configure:6373: checking pcre.h usability
configure:6373: gcc -c -fPIC  conftest.c >&5
configure:6373: $? = 0
configure:6373: result: yes
configure:6373: checking pcre.h presence
configure:6373: gcc -E  conftest.c
configure:6373: $? = 0
configure:6373: result: yes
configure:6373: checking for pcre.h
configure:6373: result: yes
configure:6375: checking for pcre_version in -lpcre
configure:6400: gcc -o conftest -fPIC  -Wl,-E  conftest.c -lpcre   >&5
configure:6400: $? = 0
configure:6409: result: yes
configure:6484: checking pcre/pcre.h usability
configure:6484: gcc -c -fPIC  conftest.c >&5
conftest.c:62:23: error: pcre/pcre.h: No such file or directory
configure:6484: $? = 1
configure: failed program was:
| /* confdefs.h */
| #define PACKAGE_NAME ""
| #define PACKAGE_TARNAME ""
| #define PACKAGE_VERSION ""
| #define PACKAGE_STRING ""
| #define PACKAGE_BUGREPORT ""
| #define PACKAGE_URL ""
| #define LINUX 1
| #define STDC_HEADERS 1
| #define HAVE_SYS_TYPES_H 1
| #define HAVE_SYS_STAT_H 1
| #define HAVE_STDLIB_H 1
| #define HAVE_STRING_H 1
| #define HAVE_MEMORY_H 1
| #define HAVE_STRINGS_H 1
| #define HAVE_INTTYPES_H 1
| #define HAVE_STDINT_H 1
| #define HAVE_UNISTD_H 1
| #define HAVE_PWD_H 1
| #define HAVE_TERMIOS_H 1
| #define HAVE_LINUX_RTNETLINK_H 1
| #define HAVE_SYS_SOCKET_H 1
| #define HAVE_NET_IF_H 1
| #define HAVE_IPV6_IPPROTO_RAW 1
| #define HAVE_OPENSSL 1
| #define HAVE_SYS_TIME_H 1
| #define HAVE_LIBPCAP 1
| /* end confdefs.h.  */
| #include <stdio.h>
| #ifdef HAVE_SYS_TYPES_H
| # include <sys/types.h>
| #endif
| #ifdef HAVE_SYS_STAT_H
| # include <sys/stat.h>
| #endif
| #ifdef STDC_HEADERS
| # include <stdlib.h>
| # include <stddef.h>
| #else
| # ifdef HAVE_STDLIB_H
| #  include <stdlib.h>
| # endif
| #endif
| #ifdef HAVE_STRING_H
| # if !defined STDC_HEADERS && defined HAVE_MEMORY_H
| #  include <memory.h>
| # endif
| # include <string.h>
| #endif
| #ifdef HAVE_STRINGS_H
| # include <strings.h>
| #endif
| #ifdef HAVE_INTTYPES_H
| # include <inttypes.h>
| #endif
| #ifdef HAVE_STDINT_H
| # include <stdint.h>
| #endif
| #ifdef HAVE_UNISTD_H
| # include <unistd.h>
| #endif
| #include <pcre/pcre.h>
configure:6484: result: no
configure:6484: checking pcre/pcre.h presence
configure:6484: gcc -E  conftest.c
conftest.c:29:23: error: pcre/pcre.h: No such file or directory
configure:6484: $? = 1
configure: failed program was:
| /* confdefs.h */
| #define PACKAGE_NAME ""
| #define PACKAGE_TARNAME ""
| #define PACKAGE_VERSION ""
| #define PACKAGE_STRING ""
| #define PACKAGE_BUGREPORT ""
| #define PACKAGE_URL ""
| #define LINUX 1
| #define STDC_HEADERS 1
| #define HAVE_SYS_TYPES_H 1
| #define HAVE_SYS_STAT_H 1
| #define HAVE_STDLIB_H 1
| #define HAVE_STRING_H 1
| #define HAVE_MEMORY_H 1
| #define HAVE_STRINGS_H 1
| #define HAVE_INTTYPES_H 1
| #define HAVE_STDINT_H 1
| #define HAVE_UNISTD_H 1
| #define HAVE_PWD_H 1
| #define HAVE_TERMIOS_H 1
| #define HAVE_LINUX_RTNETLINK_H 1
| #define HAVE_SYS_SOCKET_H 1
| #define HAVE_NET_IF_H 1
| #define HAVE_IPV6_IPPROTO_RAW 1
| #define HAVE_OPENSSL 1
| #define HAVE_SYS_TIME_H 1
| #define HAVE_LIBPCAP 1
| /* end confdefs.h.  */
| #include <pcre/pcre.h>
configure:6484: result: no
configure:6484: checking for pcre/pcre.h
configure:6484: result: no
configure:6594: checking for library containing dlopen
configure:6625: gcc -o conftest -fPIC -I$(top_srcdir)/libdnet-stripped/include  -Wl,-E  conftest.c  >&5
/tmp/ccnveRCc.o: In function `main':
conftest.c:(.text+0xa): undefined reference to `dlopen'
collect2: ld returned 1 exit status
configure:6625: $? = 1
configure: failed program was:
| /* confdefs.h */
| #define PACKAGE_NAME ""
| #define PACKAGE_TARNAME ""
| #define PACKAGE_VERSION ""
| #define PACKAGE_STRING ""
| #define PACKAGE_BUGREPORT ""
| #define PACKAGE_URL ""
| #define LINUX 1
| #define STDC_HEADERS 1
| #define HAVE_SYS_TYPES_H 1
| #define HAVE_SYS_STAT_H 1
| #define HAVE_STDLIB_H 1
| #define HAVE_STRING_H 1
| #define HAVE_MEMORY_H 1
| #define HAVE_STRINGS_H 1
| #define HAVE_INTTYPES_H 1
| #define HAVE_STDINT_H 1
| #define HAVE_UNISTD_H 1
| #define HAVE_PWD_H 1
| #define HAVE_TERMIOS_H 1
| #define HAVE_LINUX_RTNETLINK_H 1
| #define HAVE_SYS_SOCKET_H 1
| #define HAVE_NET_IF_H 1
| #define HAVE_IPV6_IPPROTO_RAW 1
| #define HAVE_OPENSSL 1
| #define HAVE_SYS_TIME_H 1
| #define HAVE_LIBPCAP 1
| #define DNET_INCLUDED 1
| /* end confdefs.h.  */
| 
| /* Override any GCC internal prototype to avoid an error.
|    Use char because int might match the return type of a GCC
|    builtin and then its argument prototype would still apply.  */
| #ifdef __cplusplus
| extern "C"
| #endif
| char dlopen ();
| int
| main ()
| {
| return dlopen ();
|   ;
|   return 0;
| }
configure:6625: gcc -o conftest -fPIC -I$(top_srcdir)/libdnet-stripped/include  -Wl,-E  conftest.c -ldl   >&5
configure:6625: $? = 0
configure:6642: result: -ldl
configure:6669: checking lua.h usability
configure:6669: gcc -c -fPIC -I$(top_srcdir)/libdnet-stripped/include  conftest.c >&5
conftest.c:63:17: error: lua.h: No such file or directory
configure:6669: $? = 1
configure: failed program was:
| /* confdefs.h */
| #define PACKAGE_NAME ""
| #define PACKAGE_TARNAME ""
| #define PACKAGE_VERSION ""
| #define PACKAGE_STRING ""
| #define PACKAGE_BUGREPORT ""
| #define PACKAGE_URL ""
| #define LINUX 1
| #define STDC_HEADERS 1
| #define HAVE_SYS_TYPES_H 1
| #define HAVE_SYS_STAT_H 1
| #define HAVE_STDLIB_H 1
| #define HAVE_STRING_H 1
| #define HAVE_MEMORY_H 1
| #define HAVE_STRINGS_H 1
| #define HAVE_INTTYPES_H 1
| #define HAVE_STDINT_H 1
| #define HAVE_UNISTD_H 1
| #define HAVE_PWD_H 1
| #define HAVE_TERMIOS_H 1
| #define HAVE_LINUX_RTNETLINK_H 1
| #define HAVE_SYS_SOCKET_H 1
| #define HAVE_NET_IF_H 1
| #define HAVE_IPV6_IPPROTO_RAW 1
| #define HAVE_OPENSSL 1
| #define HAVE_SYS_TIME_H 1
| #define HAVE_LIBPCAP 1
| #define DNET_INCLUDED 1
| /* end confdefs.h.  */
| #include <stdio.h>
| #ifdef HAVE_SYS_TYPES_H
| # include <sys/types.h>
| #endif
| #ifdef HAVE_SYS_STAT_H
| # include <sys/stat.h>
| #endif
| #ifdef STDC_HEADERS
| # include <stdlib.h>
| # include <stddef.h>
| #else
| # ifdef HAVE_STDLIB_H
| #  include <stdlib.h>
| # endif
| #endif
| #ifdef HAVE_STRING_H
| # if !defined STDC_HEADERS && defined HAVE_MEMORY_H
| #  include <memory.h>
| # endif
| # include <string.h>
| #endif
| #ifdef HAVE_STRINGS_H
| # include <strings.h>
| #endif
| #ifdef HAVE_INTTYPES_H
| # include <inttypes.h>
| #endif
| #ifdef HAVE_STDINT_H
| # include <stdint.h>
| #endif
| #ifdef HAVE_UNISTD_H
| # include <unistd.h>
| #endif
| #include <lua.h>
configure:6669: result: no
configure:6669: checking lua.h presence
configure:6669: gcc -E -I$(top_srcdir)/libdnet-stripped/include  conftest.c
conftest.c:30:17: error: lua.h: No such file or directory
configure:6669: $? = 1
configure: failed program was:
| /* confdefs.h */
| #define PACKAGE_NAME ""
| #define PACKAGE_TARNAME ""
| #define PACKAGE_VERSION ""
| #define PACKAGE_STRING ""
| #define PACKAGE_BUGREPORT ""
| #define PACKAGE_URL ""
| #define LINUX 1
| #define STDC_HEADERS 1
| #define HAVE_SYS_TYPES_H 1
| #define HAVE_SYS_STAT_H 1
| #define HAVE_STDLIB_H 1
| #define HAVE_STRING_H 1
| #define HAVE_MEMORY_H 1
| #define HAVE_STRINGS_H 1
| #define HAVE_INTTYPES_H 1
| #define HAVE_STDINT_H 1
| #define HAVE_UNISTD_H 1
| #define HAVE_PWD_H 1
| #define HAVE_TERMIOS_H 1
| #define HAVE_LINUX_RTNETLINK_H 1
| #define HAVE_SYS_SOCKET_H 1
| #define HAVE_NET_IF_H 1
| #define HAVE_IPV6_IPPROTO_RAW 1
| #define HAVE_OPENSSL 1
| #define HAVE_SYS_TIME_H 1
| #define HAVE_LIBPCAP 1
| #define DNET_INCLUDED 1
| /* end confdefs.h.  */
| #include <lua.h>
configure:6669: result: no
configure:6669: checking for lua.h
configure:6669: result: no
configure:6669: checking lua/lua.h usability
configure:6669: gcc -c -fPIC -I$(top_srcdir)/libdnet-stripped/include  conftest.c >&5
conftest.c:63:21: error: lua/lua.h: No such file or directory
configure:6669: $? = 1
configure: failed program was:
| /* confdefs.h */
| #define PACKAGE_NAME ""
| #define PACKAGE_TARNAME ""
| #define PACKAGE_VERSION ""
| #define PACKAGE_STRING ""
| #define PACKAGE_BUGREPORT ""
| #define PACKAGE_URL ""
| #define LINUX 1
| #define STDC_HEADERS 1
| #define HAVE_SYS_TYPES_H 1
| #define HAVE_SYS_STAT_H 1
| #define HAVE_STDLIB_H 1
| #define HAVE_STRING_H 1
| #define HAVE_MEMORY_H 1
| #define HAVE_STRINGS_H 1
| #define HAVE_INTTYPES_H 1
| #define HAVE_STDINT_H 1
| #define HAVE_UNISTD_H 1
| #define HAVE_PWD_H 1
| #define HAVE_TERMIOS_H 1
| #define HAVE_LINUX_RTNETLINK_H 1
| #define HAVE_SYS_SOCKET_H 1
| #define HAVE_NET_IF_H 1
| #define HAVE_IPV6_IPPROTO_RAW 1
| #define HAVE_OPENSSL 1
| #define HAVE_SYS_TIME_H 1
| #define HAVE_LIBPCAP 1
| #define DNET_INCLUDED 1
| /* end confdefs.h.  */
| #include <stdio.h>
| #ifdef HAVE_SYS_TYPES_H
| # include <sys/types.h>
| #endif
| #ifdef HAVE_SYS_STAT_H
| # include <sys/stat.h>
| #endif
| #ifdef STDC_HEADERS
| # include <stdlib.h>
| # include <stddef.h>
| #else
| # ifdef HAVE_STDLIB_H
| #  include <stdlib.h>
| # endif
| #endif
| #ifdef HAVE_STRING_H
| # if !defined STDC_HEADERS && defined HAVE_MEMORY_H
| #  include <memory.h>
| # endif
| # include <string.h>
| #endif
| #ifdef HAVE_STRINGS_H
| # include <strings.h>
| #endif
| #ifdef HAVE_INTTYPES_H
| # include <inttypes.h>
| #endif
| #ifdef HAVE_STDINT_H
| # include <stdint.h>
| #endif
| #ifdef HAVE_UNISTD_H
| # include <unistd.h>
| #endif
| #include <lua/lua.h>
configure:6669: result: no
configure:6669: checking lua/lua.h presence
configure:6669: gcc -E -I$(top_srcdir)/libdnet-stripped/include  conftest.c
conftest.c:30:21: error: lua/lua.h: No such file or directory
configure:6669: $? = 1
configure: failed program was:
| /* confdefs.h */
| #define PACKAGE_NAME ""
| #define PACKAGE_TARNAME ""
| #define PACKAGE_VERSION ""
| #define PACKAGE_STRING ""
| #define PACKAGE_BUGREPORT ""
| #define PACKAGE_URL ""
| #define LINUX 1
| #define STDC_HEADERS 1
| #define HAVE_SYS_TYPES_H 1
| #define HAVE_SYS_STAT_H 1
| #define HAVE_STDLIB_H 1
| #define HAVE_STRING_H 1
| #define HAVE_MEMORY_H 1
| #define HAVE_STRINGS_H 1
| #define HAVE_INTTYPES_H 1
| #define HAVE_STDINT_H 1
| #define HAVE_UNISTD_H 1
| #define HAVE_PWD_H 1
| #define HAVE_TERMIOS_H 1
| #define HAVE_LINUX_RTNETLINK_H 1
| #define HAVE_SYS_SOCKET_H 1
| #define HAVE_NET_IF_H 1
| #define HAVE_IPV6_IPPROTO_RAW 1
| #define HAVE_OPENSSL 1
| #define HAVE_SYS_TIME_H 1
| #define HAVE_LIBPCAP 1
| #define DNET_INCLUDED 1
| /* end confdefs.h.  */
| #include <lua/lua.h>
configure:6669: result: no
configure:6669: checking for lua/lua.h
configure:6669: result: no
configure:6669: checking lua5.2/lua.h usability
configure:6669: gcc -c -fPIC -I$(top_srcdir)/libdnet-stripped/include  conftest.c >&5
conftest.c:63:24: error: lua5.2/lua.h: No such file or directory
configure:6669: $? = 1
configure: failed program was:
| /* confdefs.h */
| #define PACKAGE_NAME ""
| #define PACKAGE_TARNAME ""
| #define PACKAGE_VERSION ""
| #define PACKAGE_STRING ""
| #define PACKAGE_BUGREPORT ""
| #define PACKAGE_URL ""
| #define LINUX 1
| #define STDC_HEADERS 1
| #define HAVE_SYS_TYPES_H 1
| #define HAVE_SYS_STAT_H 1
| #define HAVE_STDLIB_H 1
| #define HAVE_STRING_H 1
| #define HAVE_MEMORY_H 1
| #define HAVE_STRINGS_H 1
| #define HAVE_INTTYPES_H 1
| #define HAVE_STDINT_H 1
| #define HAVE_UNISTD_H 1
| #define HAVE_PWD_H 1
| #define HAVE_TERMIOS_H 1
| #define HAVE_LINUX_RTNETLINK_H 1
| #define HAVE_SYS_SOCKET_H 1
| #define HAVE_NET_IF_H 1
| #define HAVE_IPV6_IPPROTO_RAW 1
| #define HAVE_OPENSSL 1
| #define HAVE_SYS_TIME_H 1
| #define HAVE_LIBPCAP 1
| #define DNET_INCLUDED 1
| /* end confdefs.h.  */
| #include <stdio.h>
| #ifdef HAVE_SYS_TYPES_H
| # include <sys/types.h>
| #endif
| #ifdef HAVE_SYS_STAT_H
| # include <sys/stat.h>
| #endif
| #ifdef STDC_HEADERS
| # include <stdlib.h>
| # include <stddef.h>
| #else
| # ifdef HAVE_STDLIB_H
| #  include <stdlib.h>
| # endif
| #endif
| #ifdef HAVE_STRING_H
| # if !defined STDC_HEADERS && defined HAVE_MEMORY_H
| #  include <memory.h>
| # endif
| # include <string.h>
| #endif
| #ifdef HAVE_STRINGS_H
| # include <strings.h>
| #endif
| #ifdef HAVE_INTTYPES_H
| # include <inttypes.h>
| #endif
| #ifdef HAVE_STDINT_H
| # include <stdint.h>
| #endif
| #ifdef HAVE_UNISTD_H
| # include <unistd.h>
| #endif
| #include <lua5.2/lua.h>
configure:6669: result: no
configure:6669: checking lua5.2/lua.h presence
configure:6669: gcc -E -I$(top_srcdir)/libdnet-stripped/include  conftest.c
conftest.c:30:24: error: lua5.2/lua.h: No such file or directory
configure:6669: $? = 1
configure: failed program was:
| /* confdefs.h */
| #define PACKAGE_NAME ""
| #define PACKAGE_TARNAME ""
| #define PACKAGE_VERSION ""
| #define PACKAGE_STRING ""
| #define PACKAGE_BUGREPORT ""
| #define PACKAGE_URL ""
| #define LINUX 1
| #define STDC_HEADERS 1
| #define HAVE_SYS_TYPES_H 1
| #define HAVE_SYS_STAT_H 1
| #define HAVE_STDLIB_H 1
| #define HAVE_STRING_H 1
| #define HAVE_MEMORY_H 1
| #define HAVE_STRINGS_H 1
| #define HAVE_INTTYPES_H 1
| #define HAVE_STDINT_H 1
| #define HAVE_UNISTD_H 1
| #define HAVE_PWD_H 1
| #define HAVE_TERMIOS_H 1
| #define HAVE_LINUX_RTNETLINK_H 1
| #define HAVE_SYS_SOCKET_H 1
| #define HAVE_NET_IF_H 1
| #define HAVE_IPV6_IPPROTO_RAW 1
| #define HAVE_OPENSSL 1
| #define HAVE_SYS_TIME_H 1
| #define HAVE_LIBPCAP 1
| #define DNET_INCLUDED 1
| /* end confdefs.h.  */
| #include <lua5.2/lua.h>
configure:6669: result: no
configure:6669: checking for lua5.2/lua.h
configure:6669: result: no
configure:6807: checking for lua version == 502
configure:6825: g++ -o conftest -fPIC -Wall -fno-strict-aliasing -I$(top_srcdir)/libdnet-stripped/include  -Wl,-E  conftest.cpp -ldl  >&5
conftest.cpp:30:18: error: lua.h: No such file or directory
conftest.cpp: In function 'int main()':
conftest.cpp:34: error: 'LUA_VERSION_NUM' was not declared in this scope
configure:6825: $? = 1
configure: program exited with status 1
configure: failed program was:
| /* confdefs.h */
| #define PACKAGE_NAME ""
| #define PACKAGE_TARNAME ""
| #define PACKAGE_VERSION ""
| #define PACKAGE_STRING ""
| #define PACKAGE_BUGREPORT ""
| #define PACKAGE_URL ""
| #define LINUX 1
| #define STDC_HEADERS 1
| #define HAVE_SYS_TYPES_H 1
| #define HAVE_SYS_STAT_H 1
| #define HAVE_STDLIB_H 1
| #define HAVE_STRING_H 1
| #define HAVE_MEMORY_H 1
| #define HAVE_STRINGS_H 1
| #define HAVE_INTTYPES_H 1
| #define HAVE_STDINT_H 1
| #define HAVE_UNISTD_H 1
| #define HAVE_PWD_H 1
| #define HAVE_TERMIOS_H 1
| #define HAVE_LINUX_RTNETLINK_H 1
| #define HAVE_SYS_SOCKET_H 1
| #define HAVE_NET_IF_H 1
| #define HAVE_IPV6_IPPROTO_RAW 1
| #define HAVE_OPENSSL 1
| #define HAVE_SYS_TIME_H 1
| #define HAVE_LIBPCAP 1
| #define DNET_INCLUDED 1
| /* end confdefs.h.  */
|  #include <lua.h>
| int
| main ()
| {
| if(LUA_VERSION_NUM != 502) return 1;
|   ;
|   return 0;
| }
configure:6848: result: no
configure:6909: checking linear.h usability
configure:6909: gcc -c -fPIC -I$(top_srcdir)/liblua -I$(top_srcdir)/libdnet-stripped/include  conftest.c >&5
conftest.c:64:20: error: linear.h: No such file or directory
configure:6909: $? = 1
configure: failed program was:
| /* confdefs.h */
| #define PACKAGE_NAME ""
| #define PACKAGE_TARNAME ""
| #define PACKAGE_VERSION ""
| #define PACKAGE_STRING ""
| #define PACKAGE_BUGREPORT ""
| #define PACKAGE_URL ""
| #define LINUX 1
| #define STDC_HEADERS 1
| #define HAVE_SYS_TYPES_H 1
| #define HAVE_SYS_STAT_H 1
| #define HAVE_STDLIB_H 1
| #define HAVE_STRING_H 1
| #define HAVE_MEMORY_H 1
| #define HAVE_STRINGS_H 1
| #define HAVE_INTTYPES_H 1
| #define HAVE_STDINT_H 1
| #define HAVE_UNISTD_H 1
| #define HAVE_PWD_H 1
| #define HAVE_TERMIOS_H 1
| #define HAVE_LINUX_RTNETLINK_H 1
| #define HAVE_SYS_SOCKET_H 1
| #define HAVE_NET_IF_H 1
| #define HAVE_IPV6_IPPROTO_RAW 1
| #define HAVE_OPENSSL 1
| #define HAVE_SYS_TIME_H 1
| #define HAVE_LIBPCAP 1
| #define DNET_INCLUDED 1
| #define LUA_INCLUDED 1
| /* end confdefs.h.  */
| #include <stdio.h>
| #ifdef HAVE_SYS_TYPES_H
| # include <sys/types.h>
| #endif
| #ifdef HAVE_SYS_STAT_H
| # include <sys/stat.h>
| #endif
| #ifdef STDC_HEADERS
| # include <stdlib.h>
| # include <stddef.h>
| #else
| # ifdef HAVE_STDLIB_H
| #  include <stdlib.h>
| # endif
| #endif
| #ifdef HAVE_STRING_H
| # if !defined STDC_HEADERS && defined HAVE_MEMORY_H
| #  include <memory.h>
| # endif
| # include <string.h>
| #endif
| #ifdef HAVE_STRINGS_H
| # include <strings.h>
| #endif
| #ifdef HAVE_INTTYPES_H
| # include <inttypes.h>
| #endif
| #ifdef HAVE_STDINT_H
| # include <stdint.h>
| #endif
| #ifdef HAVE_UNISTD_H
| # include <unistd.h>
| #endif
| #include <linear.h>
configure:6909: result: no
configure:6909: checking linear.h presence
configure:6909: gcc -E -I$(top_srcdir)/liblua -I$(top_srcdir)/libdnet-stripped/include  conftest.c
conftest.c:31:20: error: linear.h: No such file or directory
configure:6909: $? = 1
configure: failed program was:
| /* confdefs.h */
| #define PACKAGE_NAME ""
| #define PACKAGE_TARNAME ""
| #define PACKAGE_VERSION ""
| #define PACKAGE_STRING ""
| #define PACKAGE_BUGREPORT ""
| #define PACKAGE_URL ""
| #define LINUX 1
| #define STDC_HEADERS 1
| #define HAVE_SYS_TYPES_H 1
| #define HAVE_SYS_STAT_H 1
| #define HAVE_STDLIB_H 1
| #define HAVE_STRING_H 1
| #define HAVE_MEMORY_H 1
| #define HAVE_STRINGS_H 1
| #define HAVE_INTTYPES_H 1
| #define HAVE_STDINT_H 1
| #define HAVE_UNISTD_H 1
| #define HAVE_PWD_H 1
| #define HAVE_TERMIOS_H 1
| #define HAVE_LINUX_RTNETLINK_H 1
| #define HAVE_SYS_SOCKET_H 1
| #define HAVE_NET_IF_H 1
| #define HAVE_IPV6_IPPROTO_RAW 1
| #define HAVE_OPENSSL 1
| #define HAVE_SYS_TIME_H 1
| #define HAVE_LIBPCAP 1
| #define DNET_INCLUDED 1
| #define LUA_INCLUDED 1
| /* end confdefs.h.  */
| #include <linear.h>
configure:6909: result: no
configure:6909: checking for linear.h
configure:6909: result: no
configure:6967: result: no
configure:6990: checking whether byte ordering is bigendian
configure:7005: gcc -c -fPIC -I$(top_srcdir)/liblinear -I$(top_srcdir)/liblua -I$(top_srcdir)/libdnet-stripped/include  conftest.c >&5
conftest.c:33: error: expected '=', ',', ';', 'asm' or '__attribute__' before 'a'
configure:7005: $? = 1
configure: failed program was:
| /* confdefs.h */
| #define PACKAGE_NAME ""
| #define PACKAGE_TARNAME ""
| #define PACKAGE_VERSION ""
| #define PACKAGE_STRING ""
| #define PACKAGE_BUGREPORT ""
| #define PACKAGE_URL ""
| #define LINUX 1
| #define STDC_HEADERS 1
| #define HAVE_SYS_TYPES_H 1
| #define HAVE_SYS_STAT_H 1
| #define HAVE_STDLIB_H 1
| #define HAVE_STRING_H 1
| #define HAVE_MEMORY_H 1
| #define HAVE_STRINGS_H 1
| #define HAVE_INTTYPES_H 1
| #define HAVE_STDINT_H 1
| #define HAVE_UNISTD_H 1
| #define HAVE_PWD_H 1
| #define HAVE_TERMIOS_H 1
| #define HAVE_LINUX_RTNETLINK_H 1
| #define HAVE_SYS_SOCKET_H 1
| #define HAVE_NET_IF_H 1
| #define HAVE_IPV6_IPPROTO_RAW 1
| #define HAVE_OPENSSL 1
| #define HAVE_SYS_TIME_H 1
| #define HAVE_LIBPCAP 1
| #define DNET_INCLUDED 1
| #define LUA_INCLUDED 1
| #define LIBLINEAR_INCLUDED 1
| /* end confdefs.h.  */
| #ifndef __APPLE_CC__
| 	       not a universal capable compiler
| 	     #endif
| 	     typedef int dummy;
| 
configure:7050: gcc -c -fPIC -I$(top_srcdir)/liblinear -I$(top_srcdir)/liblua -I$(top_srcdir)/libdnet-stripped/include  conftest.c >&5
configure:7050: $? = 0
configure:7068: gcc -c -fPIC -I$(top_srcdir)/liblinear -I$(top_srcdir)/liblua -I$(top_srcdir)/libdnet-stripped/include  conftest.c >&5
conftest.c: In function 'main':
conftest.c:39: error: 'not' undeclared (first use in this function)
conftest.c:39: error: (Each undeclared identifier is reported only once
conftest.c:39: error: for each function it appears in.)
conftest.c:39: error: expected ';' before 'big'
configure:7068: $? = 1
configure: failed program was:
| /* confdefs.h */
| #define PACKAGE_NAME ""
| #define PACKAGE_TARNAME ""
| #define PACKAGE_VERSION ""
| #define PACKAGE_STRING ""
| #define PACKAGE_BUGREPORT ""
| #define PACKAGE_URL ""
| #define LINUX 1
| #define STDC_HEADERS 1
| #define HAVE_SYS_TYPES_H 1
| #define HAVE_SYS_STAT_H 1
| #define HAVE_STDLIB_H 1
| #define HAVE_STRING_H 1
| #define HAVE_MEMORY_H 1
| #define HAVE_STRINGS_H 1
| #define HAVE_INTTYPES_H 1
| #define HAVE_STDINT_H 1
| #define HAVE_UNISTD_H 1
| #define HAVE_PWD_H 1
| #define HAVE_TERMIOS_H 1
| #define HAVE_LINUX_RTNETLINK_H 1
| #define HAVE_SYS_SOCKET_H 1
| #define HAVE_NET_IF_H 1
| #define HAVE_IPV6_IPPROTO_RAW 1
| #define HAVE_OPENSSL 1
| #define HAVE_SYS_TIME_H 1
| #define HAVE_LIBPCAP 1
| #define DNET_INCLUDED 1
| #define LUA_INCLUDED 1
| #define LIBLINEAR_INCLUDED 1
| /* end confdefs.h.  */
| #include <sys/types.h>
| 		#include <sys/param.h>
| 
| int
| main ()
| {
| #if BYTE_ORDER != BIG_ENDIAN
| 		 not big endian
| 		#endif
| 
|   ;
|   return 0;
| }
configure:7196: result: no
configure:7215: checking if struct in_addr is a wacky huge structure (some Sun boxes)
configure:7230: gcc -c -fPIC -I$(top_srcdir)/liblinear -I$(top_srcdir)/liblua -I$(top_srcdir)/libdnet-stripped/include  conftest.c >&5
conftest.c: In function 'main':
conftest.c:36: error: 'struct in_addr' has no member named '_S_un'
configure:7230: $? = 1
configure: failed program was:
| /* confdefs.h */
| #define PACKAGE_NAME ""
| #define PACKAGE_TARNAME ""
| #define PACKAGE_VERSION ""
| #define PACKAGE_STRING ""
| #define PACKAGE_BUGREPORT ""
| #define PACKAGE_URL ""
| #define LINUX 1
| #define STDC_HEADERS 1
| #define HAVE_SYS_TYPES_H 1
| #define HAVE_SYS_STAT_H 1
| #define HAVE_STDLIB_H 1
| #define HAVE_STRING_H 1
| #define HAVE_MEMORY_H 1
| #define HAVE_STRINGS_H 1
| #define HAVE_INTTYPES_H 1
| #define HAVE_STDINT_H 1
| #define HAVE_UNISTD_H 1
| #define HAVE_PWD_H 1
| #define HAVE_TERMIOS_H 1
| #define HAVE_LINUX_RTNETLINK_H 1
| #define HAVE_SYS_SOCKET_H 1
| #define HAVE_NET_IF_H 1
| #define HAVE_IPV6_IPPROTO_RAW 1
| #define HAVE_OPENSSL 1
| #define HAVE_SYS_TIME_H 1
| #define HAVE_LIBPCAP 1
| #define DNET_INCLUDED 1
| #define LUA_INCLUDED 1
| #define LIBLINEAR_INCLUDED 1
| /* end confdefs.h.  */
| #include <netinet/in.h>
| int
| main ()
| {
| struct in_addr i; i._S_un._S_addr;
|   ;
|   return 0;
| }
configure:7250: gcc -c -fPIC -I$(top_srcdir)/liblinear -I$(top_srcdir)/liblua -I$(top_srcdir)/libdnet-stripped/include  conftest.c >&5
conftest.c: In function 'main':
conftest.c:37: error: 'struct in_addr' has no member named 'S_un'
configure:7250: $? = 1
configure: failed program was:
| /* confdefs.h */
| #define PACKAGE_NAME ""
| #define PACKAGE_TARNAME ""
| #define PACKAGE_VERSION ""
| #define PACKAGE_STRING ""
| #define PACKAGE_BUGREPORT ""
| #define PACKAGE_URL ""
| #define LINUX 1
| #define STDC_HEADERS 1
| #define HAVE_SYS_TYPES_H 1
| #define HAVE_SYS_STAT_H 1
| #define HAVE_STDLIB_H 1
| #define HAVE_STRING_H 1
| #define HAVE_MEMORY_H 1
| #define HAVE_STRINGS_H 1
| #define HAVE_INTTYPES_H 1
| #define HAVE_STDINT_H 1
| #define HAVE_UNISTD_H 1
| #define HAVE_PWD_H 1
| #define HAVE_TERMIOS_H 1
| #define HAVE_LINUX_RTNETLINK_H 1
| #define HAVE_SYS_SOCKET_H 1
| #define HAVE_NET_IF_H 1
| #define HAVE_IPV6_IPPROTO_RAW 1
| #define HAVE_OPENSSL 1
| #define HAVE_SYS_TIME_H 1
| #define HAVE_LIBPCAP 1
| #define DNET_INCLUDED 1
| #define LUA_INCLUDED 1
| #define LIBLINEAR_INCLUDED 1
| /* end confdefs.h.  */
| #include <sys/types.h>
| #include <netinet/in.h>
| int
| main ()
| {
| struct in_addr i; i.S_un.S_addr;
|   ;
|   return 0;
| }
configure:7258: result: no
configure:7265: checking if struct icmp exists
configure:7290: gcc -c -fPIC -I$(top_srcdir)/liblinear -I$(top_srcdir)/liblua -I$(top_srcdir)/libdnet-stripped/include  conftest.c >&5
conftest.c:37:1: warning: "__USE_BSD" redefined
In file included from /usr/include/sys/types.h:26,
                 from conftest.c:33:
/usr/include/features.h:291:1: warning: this is the location of the previous definition
conftest.c:39:1: warning: "_BSD_SOURCE" redefined
/usr/include/features.h:182:1: warning: this is the location of the previous definition
configure:7290: $? = 0
configure:7297: result: yes
configure:7305: checking if struct ip exists
configure:7329: gcc -c -fPIC -I$(top_srcdir)/liblinear -I$(top_srcdir)/liblua -I$(top_srcdir)/libdnet-stripped/include  conftest.c >&5
conftest.c:38:1: warning: "__USE_BSD" redefined
In file included from /usr/include/sys/types.h:26,
                 from conftest.c:34:
/usr/include/features.h:291:1: warning: this is the location of the previous definition
conftest.c:40:1: warning: "_BSD_SOURCE" redefined
/usr/include/features.h:182:1: warning: this is the location of the previous definition
configure:7329: $? = 0
configure:7336: result: yes
configure:7344: checking if struct ip has ip_sum member
configure:7369: gcc -c -fPIC -I$(top_srcdir)/liblinear -I$(top_srcdir)/liblua -I$(top_srcdir)/libdnet-stripped/include  conftest.c >&5
conftest.c:39:1: warning: "__USE_BSD" redefined
In file included from /usr/include/sys/types.h:26,
                 from conftest.c:35:
/usr/include/features.h:291:1: warning: this is the location of the previous definition
conftest.c:41:1: warning: "_BSD_SOURCE" redefined
/usr/include/features.h:182:1: warning: this is the location of the previous definition
configure:7369: $? = 0
configure:7376: result: yes
configure:7386: checking for strerror
configure:7386: gcc -o conftest -fPIC -I$(top_srcdir)/liblinear -I$(top_srcdir)/liblua -I$(top_srcdir)/libdnet-stripped/include  -Wl,-E  conftest.c -ldl  >&5
configure:7386: $? = 0
configure:7386: result: yes
configure:7402: checking for type of 6th argument to recvfrom()
configure:7423: g++ -c -fPIC -Wall -fno-strict-aliasing -I$(top_srcdir)/liblinear -I$(top_srcdir)/liblua -I$(top_srcdir)/libdnet-stripped/include  conftest.cpp >&5
configure:7423: $? = 0
configure:7437: result: socklen_t
configure:7586: checking for APR
configure:7665: result: no
configure:7922: creating ./config.status

## ---------------------- ##
## Running config.status. ##
## ---------------------- ##

This file was extended by config.status, which was
generated by GNU Autoconf 2.69.  Invocation command line was

  CONFIG_FILES    = 
  CONFIG_HEADERS  = 
  CONFIG_LINKS    = 
  CONFIG_COMMANDS = 
  $ ./config.status 

on localhost.localdomain

config.status:915: creating Makefile
config.status:915: creating libnetutil/Makefile
config.status:915: creating nmap_config.h
config.status:1090: nmap_config.h is unchanged
configure:9154: === configuring in nping (/root/workspace/nmap/nmap-7.12/nping)
configure:9217: running /bin/sh ./configure --disable-option-checking '--prefix=/usr/local/devscan'  'CFLAGS=-fPIC' 'CXXFLAGS=-fPIC' --cache-file=/dev/null --srcdir=.
configure:9154: === configuring in libdnet-stripped (/root/workspace/nmap/nmap-7.12/libdnet-stripped)
configure:9217: running /bin/sh ./configure --disable-option-checking '--prefix=/usr/local/devscan'  'CFLAGS=-fPIC' 'CXXFLAGS=-fPIC' --cache-file=/dev/null --srcdir=.
configure:9154: === configuring in nbase (/root/workspace/nmap/nmap-7.12/nbase)
configure:9217: running /bin/sh ./configure --disable-option-checking '--prefix=/usr/local/devscan'  'CFLAGS=-fPIC' 'CXXFLAGS=-fPIC' --cache-file=/dev/null --srcdir=.
configure:9154: === configuring in nsock/src (/root/workspace/nmap/nmap-7.12/nsock/src)
configure:9217: running /bin/sh ./configure --disable-option-checking '--prefix=/usr/local/devscan'  'CFLAGS=-fPIC' 'CXXFLAGS=-fPIC' --cache-file=/dev/null --srcdir=.
configure:9154: === configuring in ncat (/root/workspace/nmap/nmap-7.12/ncat)
configure:9217: running /bin/sh ./configure --disable-option-checking '--prefix=/usr/local/devscan'  'CFLAGS=-fPIC' 'CXXFLAGS=-fPIC' --cache-file=/dev/null --srcdir=.

## ---------------- ##
## Cache variables. ##
## ---------------- ##

ac_cv_build=x86_64-unknown-linux-gnu
ac_cv_c_bigendian=no
ac_cv_c_compiler_gnu=yes
ac_cv_c_inline=inline
ac_cv_cxx_compiler_gnu=yes
ac_cv_env_CCC_set=
ac_cv_env_CCC_value=
ac_cv_env_CC_set=
ac_cv_env_CC_value=
ac_cv_env_CFLAGS_set=set
ac_cv_env_CFLAGS_value=-fPIC
ac_cv_env_CPPFLAGS_set=
ac_cv_env_CPPFLAGS_value=
ac_cv_env_CPP_set=
ac_cv_env_CPP_value=
ac_cv_env_CXXFLAGS_set=set
ac_cv_env_CXXFLAGS_value=-fPIC
ac_cv_env_CXX_set=
ac_cv_env_CXX_value=
ac_cv_env_LDFLAGS_set=
ac_cv_env_LDFLAGS_value=
ac_cv_env_LIBS_set=
ac_cv_env_LIBS_value=
ac_cv_env_PYTHON_set=
ac_cv_env_PYTHON_value=
ac_cv_env_build_alias_set=
ac_cv_env_build_alias_value=
ac_cv_env_host_alias_set=
ac_cv_env_host_alias_value=
ac_cv_env_target_alias_set=
ac_cv_env_target_alias_value=
ac_cv_func_strerror=yes
ac_cv_have_decl_pcap_get_selectable_fd=yes
ac_cv_have_pcap_netmask_unknown=yes
ac_cv_header_inttypes_h=yes
ac_cv_header_linear_h=no
ac_cv_header_linux_rtnetlink_h=yes
ac_cv_header_lua5_2_lua_h=no
ac_cv_header_lua_h=no
ac_cv_header_lua_lua_h=no
ac_cv_header_memory_h=yes
ac_cv_header_net_bpf_h=no
ac_cv_header_net_if_h=yes
ac_cv_header_openssl_ssl_h=yes
ac_cv_header_pcap_h=yes
ac_cv_header_pcre_h=yes
ac_cv_header_pcre_pcre_h=no
ac_cv_header_pwd_h=yes
ac_cv_header_stdc=yes
ac_cv_header_stdint_h=yes
ac_cv_header_stdlib_h=yes
ac_cv_header_string_h=yes
ac_cv_header_strings_h=yes
ac_cv_header_sys_ioccom_h=no
ac_cv_header_sys_socket_h=yes
ac_cv_header_sys_sockio_h=no
ac_cv_header_sys_stat_h=yes
ac_cv_header_sys_time_h=yes
ac_cv_header_sys_types_h=yes
ac_cv_header_termios_h=yes
ac_cv_header_unistd_h=yes
ac_cv_host=x86_64-unknown-linux-gnu
ac_cv_ip_has_ip_sum=yes
ac_cv_lib_crypto_BIO_int_ctrl=yes
ac_cv_lib_pcap_pcap_datalink=yes
ac_cv_lib_pcre_pcre_version=yes
ac_cv_lib_ssl_SSL_new=yes
ac_cv_objext=o
ac_cv_path_EGREP='/bin/grep -E'
ac_cv_path_GREP=/bin/grep
ac_cv_path_PYTHON=/usr/bin/python2
ac_cv_path_ac_pt_STRIP=/usr/bin/strip
ac_cv_path_install='/usr/bin/install -c'
ac_cv_prog_AWK=gawk
ac_cv_prog_CPP='gcc -E'
ac_cv_prog_ac_ct_CC=gcc
ac_cv_prog_ac_ct_CXX=g++
ac_cv_prog_ac_ct_RANLIB=ranlib
ac_cv_prog_cc_c89=
ac_cv_prog_cc_g=yes
ac_cv_prog_cxx_g=yes
ac_cv_search_dlopen=-ldl
ac_cv_search_gethostbyname='none required'
ac_cv_search_setsockopt='none required'
ac_cv_struct_icmp_exists=yes
ac_cv_struct_ip_exists=yes
am_cv_pathless_PYTHON=python2
am_cv_python_platform=linux2
am_cv_python_pyexecdir='${exec_prefix}/lib64/python2.6/site-packages'
am_cv_python_pythondir='${prefix}/lib/python2.6/site-packages'
am_cv_python_version=2.6

## ----------------- ##
## Output variables. ##
## ----------------- ##

AWK='gawk'
BUILDNDIFF='build-ndiff'
BUILDNPING='build-nping'
BUILDZENMAP='build-zenmap'
CC='gcc'
CFLAGS='-fPIC'
CPP='gcc -E'
CPPFLAGS='-I$(top_srcdir)/liblinear -I$(top_srcdir)/liblua -I$(top_srcdir)/libdnet-stripped/include  -I$(top_srcdir)/nbase -I$(top_srcdir)/nsock/include'
CXX='g++'
CXXFLAGS='-fPIC -Wall -fno-strict-aliasing'
DEFS='-DHAVE_CONFIG_H'
DNET_BUILD='build-dnet'
DNET_CLEAN='clean-dnet'
DNET_DIST_CLEAN='distclean-dnet'
ECHO_C=''
ECHO_N='-n'
ECHO_T=''
EGREP='/bin/grep -E'
EXEEXT=''
GREP='/bin/grep'
INSTALLNDIFF='install-ndiff'
INSTALLNPING='install-nping'
INSTALLNSE='install-nse'
INSTALLZENMAP='install-zenmap'
INSTALL_DATA='${INSTALL} -m 644'
INSTALL_PROGRAM='${INSTALL}'
INSTALL_SCRIPT='${INSTALL}'
LDFLAGS='-Wl,-E  -Lnbase -Lnsock/src/'
LIBDNETDIR='libdnet-stripped'
LIBDNET_LIBS='$(top_srcdir)/libdnet-stripped/src/.libs/libdnet.a'
LIBLINEARDIR='liblinear'
LIBLINEAR_BUILD='build-liblinear'
LIBLINEAR_CLEAN='clean-liblinear'
LIBLINEAR_DIST_CLEAN='distclean-liblinear'
LIBLINEAR_LIBS='$(top_srcdir)/liblinear/liblinear.a'
LIBLUADIR='liblua'
LIBLUA_LIBS='$(top_srcdir)/liblua/liblua.a'
LIBNBASE_LIBS='-lnbase'
LIBNSOCK_LIBS='-lnsock'
LIBOBJS=''
LIBPCAP_LIBS='-lpcap'
LIBPCREDIR='libpcre'
LIBPCRE_LIBS='-lpcre'
LIBS='-ldl '
LTLIBOBJS=''
LUA_BUILD='build-lua'
LUA_CFLAGS='-DLUA_USE_POSIX -DLUA_USE_DLOPEN'
LUA_CLEAN='clean-lua'
LUA_DIST_CLEAN='distclean-lua'
NBASEDIR='nbase'
NBASE_BUILD='build-nbase'
NCATDIR='ncat'
NCAT_BUILD='build-ncat'
NCAT_CHECK='check-ncat'
NCAT_CLEAN='clean-ncat'
NCAT_DIST_CLEAN='distclean-ncat'
NCAT_INSTALL='install-ncat'
NCAT_UNINSTALL='uninstall-ncat'
NDIFFDIR='ndiff'
NDIFF_CHECK='check-ndiff'
NDIFF_CLEAN='clean-ndiff'
NDIFF_DIST_CLEAN='distclean-ndiff'
NMAP_UPDATE_BUILD=''
NMAP_UPDATE_CLEAN=''
NMAP_UPDATE_DIST_CLEAN=''
NMAP_UPDATE_INSTALL=''
NMAP_UPDATE_UNINSTALL=''
NPINGDIR='nping'
NPING_CLEAN='clean-nping'
NPING_DIST_CLEAN='distclean-nping'
NSE_CHECK='check-nse'
NSOCKDIR='nsock'
NSOCK_BUILD='build-nsock'
NSOCK_CHECK='check-nsock'
OBJEXT='o'
OPENSSL_LIBS='-lssl -lcrypto'
PACKAGE_BUGREPORT=''
PACKAGE_NAME=''
PACKAGE_STRING=''
PACKAGE_TARNAME=''
PACKAGE_URL=''
PACKAGE_VERSION=''
PATH_SEPARATOR=':'
PCAP_BUILD=''
PCAP_CLEAN=''
PCAP_DIST_CLEAN=''
PCRE_BUILD=''
PCRE_CLEAN=''
PCRE_DIST_CLEAN=''
PYTHON='/usr/bin/python2'
PYTHON_EXEC_PREFIX='${exec_prefix}'
PYTHON_PLATFORM='linux2'
PYTHON_PREFIX='${prefix}'
PYTHON_VERSION='2.6'
RANLIB='ranlib'
SHELL='/bin/sh'
STRIP='/usr/bin/strip'
UNINSTALLNDIFF='uninstall-ndiff'
UNINSTALLNPING='uninstall-nping'
UNINSTALLZENMAP='uninstall-zenmap'
USE_NLS='yes'
ZENMAPDIR='zenmap'
ZENMAP_CHECK='check-zenmap'
ZENMAP_CLEAN='clean-zenmap'
ZENMAP_DIST_CLEAN='distclean-zenmap'
ac_ct_CC='gcc'
ac_ct_CXX='g++'
bindir='${exec_prefix}/bin'
build='x86_64-unknown-linux-gnu'
build_alias=''
build_cpu='x86_64'
build_os='linux-gnu'
build_vendor='unknown'
datadir='${datarootdir}'
datarootdir='${prefix}/share'
docdir='${datarootdir}/doc/${PACKAGE}'
dvidir='${docdir}'
exec_prefix='${prefix}'
host='x86_64-unknown-linux-gnu'
host_alias=''
host_cpu='x86_64'
host_os='linux-gnu'
host_vendor='unknown'
htmldir='${docdir}'
includedir='${prefix}/include'
infodir='${datarootdir}/info'
libdir='${exec_prefix}/lib'
libexecdir='${exec_prefix}/libexec'
libpcapdir='libpcap'
localedir='${datarootdir}/locale'
localstatedir='${prefix}/var'
mandir='${datarootdir}/man'
oldincludedir='/usr/include'
pcredir='libpcre'
pdfdir='${docdir}'
pkgpyexecdir='${pyexecdir}/'
pkgpythondir='${pythondir}/'
prefix='/usr/local/devscan'
program_transform_name='s,x,x,'
psdir='${docdir}'
pyexecdir='${exec_prefix}/lib64/python2.6/site-packages'
pythondir='${prefix}/lib/python2.6/site-packages'
sbindir='${exec_prefix}/sbin'
sharedstatedir='${prefix}/com'
subdirs=' nping libdnet-stripped nbase nsock/src ncat'
sysconfdir='${prefix}/etc'
target_alias=''

## ----------- ##
## confdefs.h. ##
## ----------- ##

/* confdefs.h */
#define PACKAGE_NAME ""
#define PACKAGE_TARNAME ""
#define PACKAGE_VERSION ""
#define PACKAGE_STRING ""
#define PACKAGE_BUGREPORT ""
#define PACKAGE_URL ""
#define LINUX 1
#define STDC_HEADERS 1
#define HAVE_SYS_TYPES_H 1
#define HAVE_SYS_STAT_H 1
#define HAVE_STDLIB_H 1
#define HAVE_STRING_H 1
#define HAVE_MEMORY_H 1
#define HAVE_STRINGS_H 1
#define HAVE_INTTYPES_H 1
#define HAVE_STDINT_H 1
#define HAVE_UNISTD_H 1
#define HAVE_PWD_H 1
#define HAVE_TERMIOS_H 1
#define HAVE_LINUX_RTNETLINK_H 1
#define HAVE_SYS_SOCKET_H 1
#define HAVE_NET_IF_H 1
#define HAVE_IPV6_IPPROTO_RAW 1
#define HAVE_OPENSSL 1
#define HAVE_SYS_TIME_H 1
#define HAVE_LIBPCAP 1
#define DNET_INCLUDED 1
#define LUA_INCLUDED 1
#define LIBLINEAR_INCLUDED 1
#define HAVE_STRUCT_ICMP 1
#define HAVE_STRUCT_IP 1
#define HAVE_IP_IP_SUM 1
#define HAVE_STRERROR 1
#define recvfrom6_t socklen_t

configure: exit 0
